
==================================================
SEARCHING FOR THE EDGE OF CHAOS (N=150, inh_scaling=6.0)
==================================================
Rho        | Lambda (ms^-1)       | State          
--------------------------------------------------
1.00       | -0.1333              | STABLE         
1.50       | -0.1332              | STABLE         
2.00       | -0.1331              | STABLE         
2.50       | -0.1331              | STABLE         
3.00       | -0.1337              | STABLE         
3.50       | -0.1267              | STABLE         
4.00       | -0.1056              | STABLE         
4.50       | -0.1091              | STABLE         
5.00       | -0.1166              | STABLE         
5.50       | -0.0846              | STABLE         
6.00       | -0.1073              | STABLE         
6.50       | -0.1078              | STABLE         
7.00       | -0.0999              | STABLE         
7.50       | -0.1141              | STABLE         
8.00       | -0.1031              | STABLE         
8.50       | -0.0880              | STABLE         
9.00       | -0.0994              | STABLE         
9.50       | -0.1118              | STABLE         
10.00      | -0.0829              | STABLE         

==================================================
IDENTIFIED EDGE OF CHAOS: rho = 10.00 (Lambda = -0.0829)
==================================================
Saved Edge of Chaos spec to: configs/scientific/EDGE_OF_CHAOS_SPEC.yaml
